# JRE version: Java(TM) SE Runtime Environment (8.0_121-b13) (build 1.8.0_121-b13)
# Java VM: Java HotSpot(TM) 64-Bit Server VM (25.121-b13 mixed mode windows-amd64 compressed oops)
Heap:
 PSYoungGen      total 71680K, used 57070K [0x00000000d5c00000, 0x00000000da700000, 0x0000000100000000)
  eden space 66560K, 85% used [0x00000000d5c00000,0x00000000d93bbab8,0x00000000d9d00000)
  from space 5120K, 0% used [0x00000000d9d00000,0x00000000d9d00000,0x00000000da200000)
  to   space 5120K, 0% used [0x00000000da200000,0x00000000da200000,0x00000000da700000)
 ParOldGen       total 59904K, used 7443K [0x0000000081400000, 0x0000000084e80000, 0x00000000d5c00000)
  object space 59904K, 12% used [0x0000000081400000,0x0000000081b44da8,0x0000000084e80000)
 Metaspace       used 23437K, capacity 24528K, committed 24704K, reserved 1073152K
  class space    used 2957K, capacity 3190K, committed 3200K, reserved 1048576K
GC Heap History (10 events):
Event: 2.070 GC heap before
{Heap before GC invocations=2 (full 0):
 PSYoungGen      total 38400K, used 38397K [0x00000000d5c00000, 0x00000000d8680000, 0x0000000100000000)
  eden space 33280K, 100% used [0x00000000d5c00000,0x00000000d7c80000,0x00000000d7c80000)
  from space 5120K, 99% used [0x00000000d7c80000,0x00000000d817f410,0x00000000d8180000)
  to   space 5120K, 0% used [0x00000000d8180000,0x00000000d8180000,0x00000000d8680000)
 ParOldGen       total 87552K, used 134K [0x0000000081400000, 0x0000000086980000, 0x00000000d5c00000)
  object space 87552K, 0% used [0x0000000081400000,0x0000000081421a00,0x0000000086980000)
 Metaspace       used 14414K, capacity 14920K, committed 15232K, reserved 1062912K
  class space    used 1761K, capacity 1914K, committed 1920K, reserved 1048576K
Event: 2.081 GC heap after
Heap after GC invocations=2 (full 0):
 PSYoungGen      total 38400K, used 5112K [0x00000000d5c00000, 0x00000000da700000, 0x0000000100000000)
  eden space 33280K, 0% used [0x00000000d5c00000,0x00000000d5c00000,0x00000000d7c80000)
  from space 5120K, 99% used [0x00000000d8180000,0x00000000d867e060,0x00000000d8680000)
  to   space 5120K, 0% used [0x00000000d7c80000,0x00000000d7c80000,0x00000000d8180000)
 ParOldGen       total 87552K, used 1524K [0x0000000081400000, 0x0000000086980000, 0x00000000d5c00000)
  object space 87552K, 1% used [0x0000000081400000,0x000000008157d388,0x0000000086980000)
 Metaspace       used 14414K, capacity 14920K, committed 15232K, reserved 1062912K
  class space    used 1761K, capacity 1914K, committed 1920K, reserved 1048576K
}
Event: 2.463 GC heap before
{Heap before GC invocations=3 (full 0):
 PSYoungGen      total 38400K, used 38392K [0x00000000d5c00000, 0x00000000da700000, 0x0000000100000000)
  eden space 33280K, 100% used [0x00000000d5c00000,0x00000000d7c80000,0x00000000d7c80000)
  from space 5120K, 99% used [0x00000000d8180000,0x00000000d867e060,0x00000000d8680000)
  to   space 5120K, 0% used [0x00000000d7c80000,0x00000000d7c80000,0x00000000d8180000)
 ParOldGen       total 87552K, used 1524K [0x0000000081400000, 0x0000000086980000, 0x00000000d5c00000)
  object space 87552K, 1% used [0x0000000081400000,0x000000008157d388,0x0000000086980000)
 Metaspace       used 17858K, capacity 18430K, committed 18560K, reserved 1064960K
  class space    used 2237K, capacity 2375K, committed 2432K, reserved 1048576K
Event: 2.472 GC heap after
Heap after GC invocations=3 (full 0):
 PSYoungGen      total 38400K, used 5115K [0x00000000d5c00000, 0x00000000da700000, 0x0000000100000000)
  eden space 33280K, 0% used [0x00000000d5c00000,0x00000000d5c00000,0x00000000d7c80000)
  from space 5120K, 99% used [0x00000000d7c80000,0x00000000d817ecb8,0x00000000d8180000)
  to   space 5120K, 0% used [0x00000000da200000,0x00000000da200000,0x00000000da700000)
 ParOldGen       total 87552K, used 3355K [0x0000000081400000, 0x0000000086980000, 0x00000000d5c00000)
  object space 87552K, 3% used [0x0000000081400000,0x0000000081746ee8,0x0000000086980000)
 Metaspace       used 17858K, capacity 18430K, committed 18560K, reserved 1064960K
  class space    used 2237K, capacity 2375K, committed 2432K, reserved 1048576K
}
Event: 3.268 GC heap before
{Heap before GC invocations=4 (full 0):
 PSYoungGen      total 38400K, used 38395K [0x00000000d5c00000, 0x00000000da700000, 0x0000000100000000)
  eden space 33280K, 100% used [0x00000000d5c00000,0x00000000d7c80000,0x00000000d7c80000)
  from space 5120K, 99% used [0x00000000d7c80000,0x00000000d817ecb8,0x00000000d8180000)
  to   space 5120K, 0% used [0x00000000da200000,0x00000000da200000,0x00000000da700000)
 ParOldGen       total 87552K, used 3355K [0x0000000081400000, 0x0000000086980000, 0x00000000d5c00000)
  object space 87552K, 3% used [0x0000000081400000,0x0000000081746ee8,0x0000000086980000)
 Metaspace       used 19532K, capacity 20252K, committed 20352K, reserved 1067008K
  class space    used 2430K, capacity 2624K, committed 2688K, reserved 1048576K
Event: 3.281 GC heap after
Heap after GC invocations=4 (full 0):
 PSYoungGen      total 71680K, used 5106K [0x00000000d5c00000, 0x00000000da700000, 0x0000000100000000)
  eden space 66560K, 0% used [0x00000000d5c00000,0x00000000d5c00000,0x00000000d9d00000)
  from space 5120K, 99% used [0x00000000da200000,0x00000000da6fcbe8,0x00000000da700000)
  to   space 5120K, 0% used [0x00000000d9d00000,0x00000000d9d00000,0x00000000da200000)
 ParOldGen       total 87552K, used 5875K [0x0000000081400000, 0x0000000086980000, 0x00000000d5c00000)
  object space 87552K, 6% used [0x0000000081400000,0x00000000819bcf68,0x0000000086980000)
 Metaspace       used 19532K, capacity 20252K, committed 20352K, reserved 1067008K
  class space    used 2430K, capacity 2624K, committed 2688K, reserved 1048576K
}
Event: 3.610 GC heap before
{Heap before GC invocations=5 (full 0):
 PSYoungGen      total 71680K, used 63196K [0x00000000d5c00000, 0x00000000da700000, 0x0000000100000000)
  eden space 66560K, 87% used [0x00000000d5c00000,0x00000000d94ba528,0x00000000d9d00000)
  from space 5120K, 99% used [0x00000000da200000,0x00000000da6fcbe8,0x00000000da700000)
  to   space 5120K, 0% used [0x00000000d9d00000,0x00000000d9d00000,0x00000000da200000)
 ParOldGen       total 87552K, used 5875K [0x0000000081400000, 0x0000000086980000, 0x00000000d5c00000)
  object space 87552K, 6% used [0x0000000081400000,0x00000000819bcf68,0x0000000086980000)
 Metaspace       used 20381K, capacity 21104K, committed 21248K, reserved 1067008K
  class space    used 2523K, capacity 2704K, committed 2816K, reserved 1048576K
Event: 3.623 GC heap after
Heap after GC invocations=5 (full 0):
 PSYoungGen      total 71680K, used 5096K [0x00000000d5c00000, 0x00000000da700000, 0x0000000100000000)
  eden space 66560K, 0% used [0x00000000d5c00000,0x00000000d5c00000,0x00000000d9d00000)
  from space 5120K, 99% used [0x00000000d9d00000,0x00000000da1fa3f0,0x00000000da200000)
  to   space 5120K, 0% used [0x00000000da200000,0x00000000da200000,0x00000000da700000)
 ParOldGen       total 87552K, used 8327K [0x0000000081400000, 0x0000000086980000, 0x00000000d5c00000)
  object space 87552K, 9% used [0x0000000081400000,0x0000000081c21fc0,0x0000000086980000)
 Metaspace       used 20381K, capacity 21104K, committed 21248K, reserved 1067008K
  class space    used 2523K, capacity 2704K, committed 2816K, reserved 1048576K
}
Event: 3.623 GC heap before
{Heap before GC invocations=6 (full 1):
 PSYoungGen      total 71680K, used 5096K [0x00000000d5c00000, 0x00000000da700000, 0x0000000100000000)
  eden space 66560K, 0% used [0x00000000d5c00000,0x00000000d5c00000,0x00000000d9d00000)
  from space 5120K, 99% used [0x00000000d9d00000,0x00000000da1fa3f0,0x00000000da200000)
  to   space 5120K, 0% used [0x00000000da200000,0x00000000da200000,0x00000000da700000)
 ParOldGen       total 87552K, used 8327K [0x0000000081400000, 0x0000000086980000, 0x00000000d5c00000)
  object space 87552K, 9% used [0x0000000081400000,0x0000000081c21fc0,0x0000000086980000)
 Metaspace       used 20381K, capacity 21104K, committed 21248K, reserved 1067008K
  class space    used 2523K, capacity 2704K, committed 2816K, reserved 1048576K
Event: 3.687 GC heap after
Heap after GC invocations=6 (full 1):
 PSYoungGen      total 71680K, used 0K [0x00000000d5c00000, 0x00000000da700000, 0x0000000100000000)
  eden space 66560K, 0% used [0x00000000d5c00000,0x00000000d5c00000,0x00000000d9d00000)
  from space 5120K, 0% used [0x00000000d9d00000,0x00000000d9d00000,0x00000000da200000)
  to   space 5120K, 0% used [0x00000000da200000,0x00000000da200000,0x00000000da700000)
 ParOldGen       total 59904K, used 7443K [0x0000000081400000, 0x0000000084e80000, 0x00000000d5c00000)
  object space 59904K, 12% used [0x0000000081400000,0x0000000081b44da8,0x0000000084e80000)
 Metaspace       used 20381K, capacity 21104K, committed 21248K, reserved 1067008K
  class space    used 2523K, capacity 2704K, committed 2816K, reserved 1048576K
}

